
Loading MNIST Data...

Loading Training Data...

Loading Testing Data...

Preparing Classifier Training and Validation Data...

Random Forest Classifier with n_estimators = 100, n_jobs = 10

Pickling the Classifier for Future Use...

Calculating Accuracy of trained Classifier...

Making Predictions on Validation Data...

Calculating Accuracy of Predictions...

Creating Confusion Matrix...

RFC Trained Classifier Confidence:  0.9661666666666666

Predicted Values:  [2 1 7 ... 9 9 6]

Accuracy of Classifier on Validation Image Data:  0.9661666666666666

Confusion Matrix: 
 [[551   0   3   0   1   0   5   0   3   1]
 [  0 691   0   4   4   0   1   1   1   0]
 [  0   1 578   1   2   0   2   4   3   2]
 [  1   2   8 573   1   6   1   8   6   3]
 [  0   0   1   0 525   1   3   0   0   9]
 [  1   0   2   9   4 505   7   0   2   3]
 [  2   1   0   0   3   7 573   0   0   0]
 [  0   2   4   0   3   0   0 625   2   4]
 [  2   0   7   2   3   2   3   0 585   8]
 [  2   1   1   9   8   1   1   2   6 591]]

Making Predictions on Test Input Images...

Calculating Accuracy of Trained Classifier on Test Data... 

 Creating Confusion Matrix for Test Data...

Predicted Labels for Test Images:  [7 2 1 ... 4 5 6]

Accuracy of Classifier on Test Images:  0.9692

Confusion Matrix for Test Data: 
 [[ 970    1    0    0    0    3    2    1    2    1]
 [   0 1122    3    2    0    2    4    0    1    1]
 [   5    0 1000    6    2    1    4    8    6    0]
 [   1    0    9  968    1   10    0    9    9    3]
 [   2    0    0    0  956    0    6    0    4   14]
 [   2    0    0   12    4  857    8    2    5    2]
 [   6    3    1    0    4    3  938    0    3    0]
 [   1    4   21    2    0    0    0  990    2    8]
 [   3    1    6    7    5    7    3    3  931    8]
 [   6    6    2   12   11    4    1    3    4  960]]
