
Loading MNIST Data...

Loading Training Data...

Loading Testing Data...

Preparing Classifier Training and Validation Data...

SVM Classifier with gamma = 0.1; Kernel = polynomial

Pickling the Classifier for Future Use...

Calculating Accuracy of trained Classifier...

Making Predictions on Validation Data...

Calculating Accuracy of Predictions...

Creating Confusion Matrix...

SVM Trained Classifier Accuracy:  0.9745

Predicted Values:  [5 6 3 ... 3 2 8]

Accuracy of Classifier on Validation Images:  0.9745

Confusion Matrix: 
 [[576   0   3   0   0   0   0   0   1   1]
 [  0 632   1   0   1   0   1   0   1   0]
 [  3   2 572   1   1   0   0   2   3   2]
 [  2   3   7 589   0   6   0   1   6   3]
 [  3   1   2   0 558   0   2   1   2   9]
 [  1   2   0   4   0 506   2   1   1   1]
 [  6   1   0   0   0   3 624   0   0   0]
 [  1   2   3   2   4   0   0 617   1   3]
 [  1   0   2   7   1   2   1   3 562   4]
 [  2   0   0   2   6   2   0   9   2 611]]

Making Predictions on Test Input Images...

Calculating Accuracy of Trained Classifier on Test Data... 

 Creating Confusion Matrix for Test Data...

Predicted Labels for Test Images:  [7 2 1 ... 4 5 6]

Accuracy of Classifier on Test Images:  0.9765

Confusion Matrix for Test Data: 
 [[ 972    0    1    0    0    3    1    1    2    0]
 [   0 1128    2    1    0    0    3    0    1    0]
 [   8    1 1004    0    2    0    4    9    4    0]
 [   0    2    2  983    0    7    0    6    6    4]
 [   3    0    2    0  961    0    4    1    1   10]
 [   2    1    1   13    1  861    4    1    5    3]
 [   5    5    1    0    3    7  935    0    2    0]
 [   0   10    9    1    1    0    0 1001    0    6]
 [   5    0    1    3    4    6    1    5  946    3]
 [   3    6    1    5   11    3    1    2    3  974]]
